<?xml version="1.0" encoding="UTF-8"?>
<!-- Generated by org.testng.reporters.JUnitXMLReporter -->
<testsuite hostname="DESKTOP-AFEDHUD" ignored="0" name="Default test" tests="3" failures="0" timestamp="11 Apr 2021 06:42:37 GMT" time="7.747" errors="0">
  <testcase name="tc0" time="0.078" classname="org.blazetask.BlazeDemo"/>
  <testcase name="tc1" time="1.207" classname="org.blazetask.BlazeDemo"/>
  <testcase name="tc2" time="0.94" classname="org.blazetask.BlazeDemo"/>
</testsuite> <!-- Default test -->
