<?xml version="1.0" encoding="UTF-8"?>
<!-- Generated by org.testng.reporters.JUnitXMLReporter -->
<testsuite hostname="DESKTOP-AFEDHUD" ignored="4" name="Default test(failed)(failed)" tests="1" failures="0" timestamp="10 Apr 2021 04:57:08 GMT" time="0.07" errors="0">
  <testcase name="tc23" time="0.024" classname="org.dataprovider.RunTestng"/>
  <testcase name="tc24" time="0.0" classname="org.dataprovider.RunTestng">
    <ignored/>
  </testcase> <!-- tc24 -->
  <testcase name="tc22" time="0.0" classname="org.dataprovider.RunTestng">
    <ignored/>
  </testcase> <!-- tc22 -->
  <testcase name="tc20" time="0.0" classname="org.dataprovider.RunTestng">
    <ignored/>
  </testcase> <!-- tc20 -->
  <testcase name="tc21" time="0.0" classname="org.dataprovider.RunTestng">
    <ignored/>
  </testcase> <!-- tc21 -->
</testsuite> <!-- Default test(failed)(failed) -->
